2021-05-17 08:14:29,173 INFO c.e.Main [qtp1333810223-18] Requesting get all requests from client.
2021-05-17 08:14:33,582 INFO c.e.Main [qtp1333810223-17] Requesting get all users from client.
2021-05-17 08:17:48,819 INFO c.e.Main [qtp1333810223-13] Requesting get all users from client.
2021-05-17 08:17:53,515 INFO c.e.Main [qtp1333810223-16] Requesting get a user from client.
2021-05-17 08:17:54,019 INFO c.e.Main [qtp1333810223-18] Requesting get all requests by username from client.
2021-05-17 08:17:54,043 INFO c.e.Main [qtp1333810223-16] Requesting get all requests by username from client.
2021-05-17 08:17:54,060 INFO c.e.Main [qtp1333810223-18] Requesting get all requests by username from client.
2021-05-17 08:17:55,219 INFO c.e.Main [qtp1333810223-16] Requesting get a user from client.
2021-05-17 08:17:55,663 INFO c.e.Main [qtp1333810223-18] Requesting get all requests by username from client.
2021-05-17 08:17:55,684 INFO c.e.Main [qtp1333810223-16] Requesting get all requests by username from client.
2021-05-17 08:17:55,700 INFO c.e.Main [qtp1333810223-18] Requesting get all requests by username from client.
2021-05-17 09:06:57,151 INFO c.e.Main [qtp1333810223-17] Requesting get all users from client.
2021-05-17 09:07:01,161 INFO c.e.Main [qtp1333810223-14] Requesting get a user from client.
2021-05-17 09:07:02,400 INFO c.e.Main [qtp1333810223-13] Requesting get all requests by username from client.
2021-05-17 09:07:02,485 INFO c.e.Main [qtp1333810223-14] Requesting get all requests by username from client.
2021-05-17 09:07:02,536 INFO c.e.Main [qtp1333810223-13] Requesting get all requests by username from client.
2021-05-17 09:07:07,078 INFO c.e.Main [qtp1333810223-14] Requesting get a user from client.
2021-05-17 09:07:07,553 INFO c.e.Main [qtp1333810223-13] Requesting get all requests by username from client.
2021-05-17 09:07:07,579 INFO c.e.Main [qtp1333810223-14] Requesting get all requests by username from client.
2021-05-17 09:07:07,602 INFO c.e.Main [qtp1333810223-13] Requesting get all requests by username from client.
2021-05-17 09:07:08,356 INFO c.e.Main [qtp1333810223-14] Requesting get a user from client.
2021-05-17 09:07:10,871 INFO c.e.Main [qtp1333810223-13] Requesting get all requests by username from client.
2021-05-17 09:07:10,898 INFO c.e.Main [qtp1333810223-14] Requesting get all requests by username from client.
2021-05-17 09:07:10,919 INFO c.e.Main [qtp1333810223-13] Requesting get all requests by username from client.
2021-05-17 09:07:11,997 INFO c.e.Main [qtp1333810223-14] Requesting get a user from client.
2021-05-17 09:07:12,626 INFO c.e.Main [qtp1333810223-13] Requesting get all requests by username from client.
2021-05-17 09:07:12,647 INFO c.e.Main [qtp1333810223-14] Requesting get all requests by username from client.
2021-05-17 09:07:12,674 INFO c.e.Main [qtp1333810223-13] Requesting get all requests by username from client.
2021-05-17 09:07:24,557 INFO c.e.Main [qtp1333810223-14] Requesting get a user from client.
2021-05-17 09:07:27,458 INFO c.e.Main [qtp1333810223-13] Requesting get all requests by username from client.
2021-05-17 09:07:27,478 INFO c.e.Main [qtp1333810223-14] Requesting get all requests by username from client.
2021-05-17 09:07:27,503 INFO c.e.Main [qtp1333810223-13] Requesting get all requests by username from client.
2021-05-17 09:07:28,178 INFO c.e.Main [qtp1333810223-14] Requesting get a user from client.
2021-05-17 09:07:29,519 INFO c.e.Main [qtp1333810223-13] Requesting get all requests by username from client.
2021-05-17 09:07:29,550 INFO c.e.Main [qtp1333810223-14] Requesting get all requests by username from client.
2021-05-17 09:07:29,570 INFO c.e.Main [qtp1333810223-13] Requesting get all requests by username from client.
2021-05-17 09:37:06,629 INFO c.e.Main [qtp1333810223-19] Requesting get all users from client.
2021-05-17 09:37:25,431 INFO c.e.Main [qtp1333810223-16] Requesting get a user from client.
2021-05-17 09:37:37,927 INFO c.e.Main [qtp1333810223-16] Requesting to update a user from client.
2021-05-17 09:37:40,094 INFO c.e.Main [qtp1333810223-20] Requesting get a user from client.
2021-05-17 09:37:50,608 INFO c.e.Main [qtp1333810223-16] Requesting get all requests by username from client.
2021-05-17 09:37:50,640 INFO c.e.Main [qtp1333810223-20] Requesting get all requests by username from client.
2021-05-17 09:37:50,669 INFO c.e.Main [qtp1333810223-16] Requesting get all requests by username from client.
2021-05-17 09:38:12,832 INFO c.e.Main [qtp1333810223-16] Requesting to add a new request from client.
2021-05-17 09:38:15,411 INFO c.e.Main [qtp1333810223-20] Requesting get all requests by username from client.
2021-05-17 09:38:15,451 INFO c.e.Main [qtp1333810223-16] Requesting get all requests by username from client.
2021-05-17 09:38:15,551 INFO c.e.Main [qtp1333810223-20] Requesting get all requests by username from client.
2021-05-17 09:38:32,642 INFO c.e.Main [qtp1333810223-16] Requesting get all users from client.
2021-05-17 09:38:46,148 INFO c.e.Main [qtp1333810223-20] Requesting get all requests from client.
2021-05-17 09:38:46,193 INFO c.e.Main [qtp1333810223-16] Requesting get all requests by status from client.
2021-05-17 09:38:46,215 INFO c.e.Main [qtp1333810223-20] Requesting get all requests by status from client.
2021-05-17 09:38:46,244 INFO c.e.Main [qtp1333810223-16] Requesting get all requests by status from client.
2021-05-17 09:39:03,279 INFO c.e.Main [qtp1333810223-16] Requesting get to update a request by id from client.
2021-05-17 09:39:05,400 INFO c.e.Main [qtp1333810223-16] Requesting get to update a request by id from client.
2021-05-17 09:39:13,876 INFO c.e.Main [qtp1333810223-16] Requesting get to update a request by id from client.
2021-05-17 09:39:16,542 INFO c.e.Main [qtp1333810223-20] Requesting get all requests from client.
2021-05-17 09:39:16,621 INFO c.e.Main [qtp1333810223-16] Requesting get all requests by status from client.
2021-05-17 09:39:16,760 INFO c.e.Main [qtp1333810223-20] Requesting get all requests by status from client.
2021-05-17 09:39:16,843 INFO c.e.Main [qtp1333810223-16] Requesting get all requests by status from client.
2021-05-17 09:39:24,309 INFO c.e.Main [qtp1333810223-20] Requesting get all requests from client.
2021-05-17 09:39:24,355 INFO c.e.Main [qtp1333810223-16] Requesting get all requests by status from client.
2021-05-17 09:39:24,474 INFO c.e.Main [qtp1333810223-20] Requesting get all requests by status from client.
2021-05-17 09:39:24,616 INFO c.e.Main [qtp1333810223-16] Requesting get all requests by status from client.
2021-05-17 09:39:41,149 INFO c.e.Main [qtp1333810223-16] Requesting get to update a request by id from client.
2021-05-17 09:39:43,216 INFO c.e.Main [qtp1333810223-20] Requesting get all requests from client.
2021-05-17 09:39:43,392 INFO c.e.Main [qtp1333810223-16] Requesting get all requests by status from client.
2021-05-17 09:39:43,504 INFO c.e.Main [qtp1333810223-20] Requesting get all requests by status from client.
2021-05-17 09:39:43,565 INFO c.e.Main [qtp1333810223-16] Requesting get all requests by status from client.
2021-05-17 09:39:49,598 INFO c.e.Main [qtp1333810223-20] Requesting get a user by title from client.
2021-05-17 09:39:49,619 INFO c.e.Main [qtp1333810223-16] Requesting get a user by title from client.
2021-05-17 09:41:00,865 INFO c.e.App [main] initializing application
2021-05-17 09:41:01,359 INFO c.e.App [main] initializing application
2021-05-17 09:41:01,863 INFO c.e.Main [main] starting a javalin server...
2021-05-17 09:41:03,214 INFO c.e.Main [main] starting a javalin server...
2021-05-17 09:41:03,424 INFO c.e.App [main] initializing application
2021-05-17 09:41:06,111 INFO c.e.App [main] initializing application
2021-05-17 09:41:23,692 INFO c.e.App [main] initializing application
2021-05-17 09:41:25,525 INFO c.e.Main [main] starting a javalin server...
2021-05-17 09:41:27,399 INFO c.e.App [main] initializing application
